Performing C SOURCE FILE Test CMAKE_HAVE_LIBC_PTHREAD failed with the following output:
Change Dir: /workspaces/docker-vscodeWithGtest/build/CMakeFiles/CMakeTmp

Run Build Command(s):/usr/bin/ninja cmTC_f3e89 && [1/2] Building C object CMakeFiles/cmTC_f3e89.dir/src.c.o
[2/2] Linking C executable cmTC_f3e89
FAILED: cmTC_f3e89 
: && /usr/bin/clang -DCMAKE_HAVE_LIBC_PTHREAD -rdynamic CMakeFiles/cmTC_f3e89.dir/src.c.o -o cmTC_f3e89   && :
/usr/bin/ld: CMakeFiles/cmTC_f3e89.dir/src.c.o: in function `main':
src.c:(.text+0x35): undefined reference to `pthread_create'
/usr/bin/ld: src.c:(.text+0x41): undefined reference to `pthread_detach'
/usr/bin/ld: src.c:(.text+0x4d): undefined reference to `pthread_cancel'
/usr/bin/ld: src.c:(.text+0x5f): undefined reference to `pthread_join'
clang: error: linker command failed with exit code 1 (use -v to see invocation)
ninja: build stopped: subcommand failed.


Source file was:
#include <pthread.h>

void* test_func(void* data)
{
  return data;
}

int main(void)
{
  pthread_t thread;
  pthread_create(&thread, NULL, test_func, NULL);
  pthread_detach(thread);
  pthread_cancel(thread);
  pthread_join(thread, NULL);
  pthread_atfork(NULL, NULL, NULL);
  pthread_exit(NULL);

  return 0;
}

Determining if the function pthread_create exists in the pthreads failed with the following output:
Change Dir: /workspaces/docker-vscodeWithGtest/build/CMakeFiles/CMakeTmp

Run Build Command(s):/usr/bin/ninja cmTC_1dd3b && [1/2] Building C object CMakeFiles/cmTC_1dd3b.dir/CheckFunctionExists.c.o
[2/2] Linking C executable cmTC_1dd3b
FAILED: cmTC_1dd3b 
: && /usr/bin/clang -DCHECK_FUNCTION_EXISTS=pthread_create -rdynamic CMakeFiles/cmTC_1dd3b.dir/CheckFunctionExists.c.o -o cmTC_1dd3b  -lpthreads && :
/usr/bin/ld: cannot find -lpthreads
clang: error: linker command failed with exit code 1 (use -v to see invocation)
ninja: build stopped: subcommand failed.



